<?xml version="1.0" encoding="UTF-8"?>
<!-- Generated by org.testng.reporters.JUnitReportReporter -->
<testsuite skipped="0" hostname="Mriduls-MacBook-Pro.local" name="com.demoblaze.testNg.TestNgPractice" tests="1" failures="0" timestamp="07 Dec 2022 18:07:57 GMT" time="2.887" errors="0">
  <testcase name="ClickLoginButton" time="2.887" classname="com.demoblaze.testNg.TestNgPractice"/>
</testsuite> <!-- com.demoblaze.testNg.TestNgPractice -->
